[debug] [2022-10-11T02:30:10.135Z] ----------------------------------------------------------------------
[debug] [2022-10-11T02:30:10.136Z] Command:       /usr/local/bin/firebase /Users/harris/.cache/firebase/tools/lib/node_modules/firebase-tools/lib/bin/firebase emulators:start
[debug] [2022-10-11T02:30:10.136Z] CLI Version:   11.14.1
[debug] [2022-10-11T02:30:10.136Z] Platform:      darwin
[debug] [2022-10-11T02:30:10.136Z] Node Version:  v16.16.0
[debug] [2022-10-11T02:30:10.140Z] Time:          Mon Oct 10 2022 19:30:10 GMT-0700 (Pacific Daylight Time)
[debug] [2022-10-11T02:30:10.141Z] ----------------------------------------------------------------------
[debug] 
[debug] [2022-10-11T02:30:10.147Z] >>> [apiv2][query] GET https://firebase-public.firebaseio.com/cli.json [none]
[debug] [2022-10-11T02:30:10.240Z] > command requires scopes: ["email","openid","https://www.googleapis.com/auth/cloudplatformprojects.readonly","https://www.googleapis.com/auth/firebase","https://www.googleapis.com/auth/cloud-platform"]
[debug] [2022-10-11T02:30:10.242Z] > authorizing via signed-in user (harrismccullers@gmail.com)
[debug] [2022-10-11T02:30:10.389Z] <<< [apiv2][status] GET https://firebase-public.firebaseio.com/cli.json 200
[debug] [2022-10-11T02:30:10.392Z] <<< [apiv2][body] GET https://firebase-public.firebaseio.com/cli.json {"cloudBuildErrorAfter":1594252800000,"cloudBuildWarnAfter":1590019200000,"defaultNode10After":1594252800000,"minVersion":"3.0.5","node8DeploysDisabledAfter":1613390400000,"node8RuntimeDisabledAfter":1615809600000,"node8WarnAfter":1600128000000}
[debug] [2022-10-11T02:30:10.701Z] openjdk version "13.0.2" 2020-01-14

[debug] [2022-10-11T02:30:10.702Z] OpenJDK Runtime Environment AdoptOpenJDK (build 13.0.2+8)
OpenJDK 64-Bit Server VM AdoptOpenJDK (build 13.0.2+8, mixed mode, sharing)

[debug] [2022-10-11T02:30:10.707Z] Parsed Java major version: 13
[info] i  emulators: Starting emulators: functions, storage {"metadata":{"emulator":{"name":"hub"},"message":"Starting emulators: functions, storage"}}
[debug] [2022-10-11T02:30:10.717Z] [hub] writing locator at /var/folders/nx/b7ksvl9d4nx97nr0w_q5mfnh0000gn/T/hub-indoor-garden-b4585.json
[warn] ⚠  functions: The following emulators are not running, calls to these services from the Functions emulator will affect production: auth, firestore, database, hosting, pubsub, eventarc {"metadata":{"emulator":{"name":"functions"},"message":"The following emulators are not running, calls to these services from the Functions emulator will affect production: \u001b[1mauth, firestore, database, hosting, pubsub, eventarc\u001b[22m"}}
[info] ✔  functions: Using node@16 from host. {"metadata":{"emulator":{"name":"functions"},"message":"Using node@16 from host."}}
[debug] [2022-10-11T02:30:10.752Z] defaultcredentials: writing to file /Users/harris/.config/firebase/harrismccullers_gmail_com_application_default_credentials.json
[debug] [2022-10-11T02:30:10.755Z] Setting GAC to /Users/harris/.config/firebase/harrismccullers_gmail_com_application_default_credentials.json {"metadata":{"emulator":{"name":"functions"},"message":"Setting GAC to /Users/harris/.config/firebase/harrismccullers_gmail_com_application_default_credentials.json"}}
[debug] [2022-10-11T02:30:10.758Z] > refreshing access token with scopes: []
[debug] [2022-10-11T02:30:10.760Z] >>> [apiv2][query] POST https://www.googleapis.com/oauth2/v3/token [none]
[debug] [2022-10-11T02:30:10.760Z] >>> [apiv2][body] POST https://www.googleapis.com/oauth2/v3/token [omitted]
[debug] [2022-10-11T02:30:10.863Z] <<< [apiv2][status] POST https://www.googleapis.com/oauth2/v3/token 200
[debug] [2022-10-11T02:30:10.864Z] <<< [apiv2][body] POST https://www.googleapis.com/oauth2/v3/token [omitted]
[debug] [2022-10-11T02:30:10.908Z] >>> [apiv2][query] GET https://firebase.googleapis.com/v1beta1/projects/indoor-garden-b4585/adminSdkConfig [none]
[debug] [2022-10-11T02:30:11.273Z] <<< [apiv2][status] GET https://firebase.googleapis.com/v1beta1/projects/indoor-garden-b4585/adminSdkConfig 403
[debug] [2022-10-11T02:30:11.273Z] <<< [apiv2][body] GET https://firebase.googleapis.com/v1beta1/projects/indoor-garden-b4585/adminSdkConfig {"error":{"code":403,"message":"The caller does not have permission","status":"PERMISSION_DENIED"}}
[debug] [2022-10-11T02:30:11.274Z] Failed to get Admin SDK config for indoor-garden-b4585, falling back to cacheFailed to get Admin SDK for Firebase project indoor-garden-b4585. Please make sure the project exists and your account has permission to access it. {"name":"FirebaseError","children":[],"exit":2,"message":"Failed to get Admin SDK for Firebase project indoor-garden-b4585. Please make sure the project exists and your account has permission to access it.","original":{"name":"FirebaseError","children":[],"context":{"body":{"error":{"code":403,"message":"The caller does not have permission","status":"PERMISSION_DENIED"}},"response":{"statusCode":403}},"exit":1,"message":"HTTP Error: 403, The caller does not have permission","status":403},"status":500}
[warn] ⚠  functions: Unable to fetch project Admin SDK configuration, Admin SDK behavior in Cloud Functions emulator may be incorrect. {"metadata":{"emulator":{"name":"functions"},"message":"Unable to fetch project Admin SDK configuration, Admin SDK behavior in Cloud Functions emulator may be incorrect."}}
[debug] [2022-10-11T02:30:11.539Z] Ignoring unsupported arg: port {"metadata":{"emulator":{"name":"storage"},"message":"Ignoring unsupported arg: port"}}
[debug] [2022-10-11T02:30:12.752Z] Temp file directory for storage emulator: /var/folders/nx/b7ksvl9d4nx97nr0w_q5mfnh0000gn/T/firebase/storage/blobs {"metadata":{"emulator":{"name":"storage"},"message":"Temp file directory for storage emulator: /var/folders/nx/b7ksvl9d4nx97nr0w_q5mfnh0000gn/T/firebase/storage/blobs"}}
[debug] [2022-10-11T02:30:12.765Z] Ignoring unsupported arg: auto_download {"metadata":{"emulator":{"name":"ui"},"message":"Ignoring unsupported arg: auto_download"}}
[debug] [2022-10-11T02:30:12.765Z] Ignoring unsupported arg: port {"metadata":{"emulator":{"name":"ui"},"message":"Ignoring unsupported arg: port"}}
[debug] [2022-10-11T02:30:12.765Z] Starting Emulator UI with command {"binary":"node","args":["/Users/harris/.cache/firebase/emulators/ui-v1.10.0/server/server.js"],"optionalArgs":[],"joinArgs":false} {"metadata":{"emulator":{"name":"ui"},"message":"Starting Emulator UI with command {\"binary\":\"node\",\"args\":[\"/Users/harris/.cache/firebase/emulators/ui-v1.10.0/server/server.js\"],\"optionalArgs\":[],\"joinArgs\":false}"}}
[info] i  ui: Emulator UI logging to ui-debug.log {"metadata":{"emulator":{"name":"ui"},"message":"Emulator UI logging to \u001b[1mui-debug.log\u001b[22m"}}
[debug] [2022-10-11T02:30:12.930Z] Web / API server started at localhost:4000
 {"metadata":{"emulator":{"name":"ui"},"message":"Web / API server started at localhost:4000\n"}}
[info] i  functions: Watching "/Users/harris/Documents/indoor-garden/functions" for Cloud Functions... {"metadata":{"emulator":{"name":"functions"},"message":"Watching \"/Users/harris/Documents/indoor-garden/functions\" for Cloud Functions..."}}
[debug] [2022-10-11T02:30:13.050Z] Validating nodejs source
[warn] ⚠  functions: package.json indicates an outdated version of firebase-functions. Please upgrade using npm install --save firebase-functions@latest in your functions directory. 
[debug] [2022-10-11T02:30:15.017Z] > [functions] package.json contents: {
  "name": "functions",
  "scripts": {
    "lint": "eslint --ext .js,.ts .",
    "build": "tsc",
    "build:watch": "tsc --watch",
    "serve": "npm run build && firebase emulators:start --only functions",
    "shell": "npm run build && firebase functions:shell",
    "start": "npm run shell",
    "deploy": "firebase deploy --only functions",
    "logs": "firebase functions:log"
  },
  "engines": {
    "node": "16"
  },
  "main": "lib/index.js",
  "dependencies": {
    "firebase-admin": "^10.0.2",
    "firebase-functions": "^3.18.0"
  },
  "devDependencies": {
    "@typescript-eslint/eslint-plugin": "^5.12.0",
    "@typescript-eslint/parser": "^5.12.0",
    "eslint": "^8.9.0",
    "eslint-config-google": "^0.14.0",
    "eslint-plugin-import": "^2.25.4",
    "firebase-functions-test": "^0.2.0",
    "typescript": "^4.5.4"
  },
  "private": true
}
[error] ⬢  functions: Failed to load function definition from source: FirebaseError: There was an error reading functions/package.json:

 functions/lib/index.js does not exist, can't deploy Cloud Functions {"metadata":{"emulator":{"name":"functions"},"message":"Failed to load function definition from source: FirebaseError: There was an error reading functions/package.json:\n\n functions/lib/index.js does not exist, can't deploy Cloud Functions"}}
[info] 
┌─────────────────────────────────────────────────────────────┐
│ ✔  All emulators ready! It is now safe to connect your app. │
│ i  View Emulator UI at http://localhost:4000                │
└─────────────────────────────────────────────────────────────┘

┌───────────┬────────────────┬─────────────────────────────────┐
│ Emulator  │ Host:Port      │ View in Emulator UI             │
├───────────┼────────────────┼─────────────────────────────────┤
│ Functions │ localhost:5001 │ http://localhost:4000/functions │
├───────────┼────────────────┼─────────────────────────────────┤
│ Storage   │ localhost:9199 │ http://localhost:4000/storage   │
└───────────┴────────────────┴─────────────────────────────────┘
  Emulator Hub running at localhost:4400
  Other reserved ports: 4500

Issues? Report them at https://github.com/firebase/firebase-tools/issues and attach the *-debug.log files.
 
